<?xml version="1.0" encoding="UTF-8"?>
<testng-results skipped="0" failed="0" total="1" passed="1">
  <reporter-output>
  </reporter-output>
  <suite name="Default suite" duration-ms="54104" started-at="2016-03-08T12:54:17Z" finished-at="2016-03-08T12:55:11Z">
    <groups>
    </groups>
    <test name="Default test" duration-ms="54104" started-at="2016-03-08T12:54:17Z" finished-at="2016-03-08T12:55:11Z">
      <class name="shop.gcrit.driver.ExecuteTest">
        <test-method status="PASS" signature="test()[pri:0, instance:shop.gcrit.driver.ExecuteTest@59309333]" name="test" duration-ms="54088" started-at="2016-03-08T13:54:17Z" finished-at="2016-03-08T13:55:11Z">
          <reporter-output>
          </reporter-output>
        </test-method> <!-- test -->
      </class> <!-- shop.gcrit.driver.ExecuteTest -->
    </test> <!-- Default test -->
  </suite> <!-- Default suite -->
</testng-results>
