<?xml version="1.0" encoding="UTF-8"?>
<testng-results skipped="0" failed="0" total="1" passed="1">
  <reporter-output>
  </reporter-output>
  <suite name="Suite" duration-ms="36469" started-at="2016-03-03T23:06:32Z" finished-at="2016-03-03T23:07:08Z">
    <groups>
    </groups>
    <test name="Test" duration-ms="36469" started-at="2016-03-03T23:06:32Z" finished-at="2016-03-03T23:07:08Z">
      <class name="shop.gcrit.driver.ExecuteTest">
        <test-method status="PASS" signature="test()[pri:0, instance:shop.gcrit.driver.ExecuteTest@8dbdac1]" name="test" duration-ms="36456" started-at="2016-03-04T00:06:32Z" finished-at="2016-03-04T00:07:08Z">
          <reporter-output>
          </reporter-output>
        </test-method> <!-- test -->
      </class> <!-- shop.gcrit.driver.ExecuteTest -->
    </test> <!-- Test -->
  </suite> <!-- Suite -->
</testng-results>
